!SESSION 2014-12-19 17:42:28.493 -----------------------------------------------
eclipse.buildId=unknown
java.version=1.7.0_40
java.vendor=Oracle Corporation
BootLoader constants: OS=linux, ARCH=x86_64, WS=gtk, NL=en_CA
Framework arguments:  -product org.eclipse.tracecompass.rcp.branding.product --launcher.XXMaxPermSize 256m --launcher.GTK_version 2
Command-line arguments:  -product org.eclipse.tracecompass.rcp.branding.product -data /home/shary/workspace/totalads/../runtime-tracing.product -dev file:/home/shary/workspace/totalads/.metadata/.plugins/org.eclipse.pde.core/tracing.product/dev.properties -os linux -ws gtk -arch x86_64 -consoleLog -consolelog --launcher.XXMaxPermSize 256m -data @noDefault --launcher.GTK_version 2

!ENTRY org.eclipse.tracecompass.totalads.core 4 0 2014-12-19 17:42:29.778
!MESSAGE FrameworkEvent ERROR
!STACK 0
org.osgi.framework.BundleException: Could not resolve module: org.eclipse.tracecompass.totalads.core [180]
  Unresolved requirement: Require-Bundle: org.eclipse.tracecompass.totalads.libraries; bundle-version="0.1.0"
    -> Bundle-SymbolicName: org.eclipse.tracecompass.totalads.libraries; bundle-version="0.1.0"
       org.eclipse.tracecompass.totalads.libraries [239]
         Unresolved requirement: Require-Bundle: org.apache.commons.io

	at org.eclipse.osgi.container.Module.start(Module.java:434)
	at org.eclipse.osgi.container.ModuleContainer$ContainerStartLevel.incStartLevel(ModuleContainer.java:1582)
	at org.eclipse.osgi.container.ModuleContainer$ContainerStartLevel.incStartLevel(ModuleContainer.java:1561)
	at org.eclipse.osgi.container.ModuleContainer$ContainerStartLevel.doContainerStartLevel(ModuleContainer.java:1533)
	at org.eclipse.osgi.container.ModuleContainer$ContainerStartLevel.dispatchEvent(ModuleContainer.java:1476)
	at org.eclipse.osgi.container.ModuleContainer$ContainerStartLevel.dispatchEvent(ModuleContainer.java:1)
	at org.eclipse.osgi.framework.eventmgr.EventManager.dispatchEvent(EventManager.java:230)
	at org.eclipse.osgi.framework.eventmgr.EventManager$EventThread.run(EventManager.java:340)

!ENTRY org.eclipse.tracecompass.totalads.ui 4 0 2014-12-19 17:42:29.787
!MESSAGE FrameworkEvent ERROR
!STACK 0
org.osgi.framework.BundleException: Could not resolve module: org.eclipse.tracecompass.totalads.ui [181]
  Unresolved requirement: Require-Bundle: org.eclipse.tracecompass.totalads.core
    -> Bundle-SymbolicName: org.eclipse.tracecompass.totalads.core; bundle-version="0.1.0.qualifier"
       org.eclipse.tracecompass.totalads.core [180]
         Unresolved requirement: Require-Bundle: org.eclipse.tracecompass.totalads.libraries; bundle-version="0.1.0"
           -> Bundle-SymbolicName: org.eclipse.tracecompass.totalads.libraries; bundle-version="0.1.0"
              org.eclipse.tracecompass.totalads.libraries [239]
                Unresolved requirement: Require-Bundle: org.apache.commons.io

	at org.eclipse.osgi.container.Module.start(Module.java:434)
	at org.eclipse.osgi.container.ModuleContainer$ContainerStartLevel.incStartLevel(ModuleContainer.java:1582)
	at org.eclipse.osgi.container.ModuleContainer$ContainerStartLevel.incStartLevel(ModuleContainer.java:1561)
	at org.eclipse.osgi.container.ModuleContainer$ContainerStartLevel.doContainerStartLevel(ModuleContainer.java:1533)
	at org.eclipse.osgi.container.ModuleContainer$ContainerStartLevel.dispatchEvent(ModuleContainer.java:1476)
	at org.eclipse.osgi.container.ModuleContainer$ContainerStartLevel.dispatchEvent(ModuleContainer.java:1)
	at org.eclipse.osgi.framework.eventmgr.EventManager.dispatchEvent(EventManager.java:230)
	at org.eclipse.osgi.framework.eventmgr.EventManager$EventThread.run(EventManager.java:340)

!ENTRY org.eclipse.remote.jsch.ui 4 0 2014-12-19 17:42:29.798
!MESSAGE FrameworkEvent ERROR
!STACK 0
org.osgi.framework.BundleException: Could not resolve module: org.eclipse.remote.jsch.ui [211]
  Unresolved requirement: Require-Bundle: org.eclipse.remote.ui
    -> Bundle-SymbolicName: org.eclipse.remote.ui; bundle-version="1.1.0.201409111520"; singleton:="true"
       org.eclipse.remote.ui [212]
         Unresolved requirement: Require-Bundle: org.eclipse.ui.trace

	at org.eclipse.osgi.container.Module.start(Module.java:434)
	at org.eclipse.osgi.container.ModuleContainer$ContainerStartLevel.incStartLevel(ModuleContainer.java:1582)
	at org.eclipse.osgi.container.ModuleContainer$ContainerStartLevel.incStartLevel(ModuleContainer.java:1561)
	at org.eclipse.osgi.container.ModuleContainer$ContainerStartLevel.doContainerStartLevel(ModuleContainer.java:1533)
	at org.eclipse.osgi.container.ModuleContainer$ContainerStartLevel.dispatchEvent(ModuleContainer.java:1476)
	at org.eclipse.osgi.container.ModuleContainer$ContainerStartLevel.dispatchEvent(ModuleContainer.java:1)
	at org.eclipse.osgi.framework.eventmgr.EventManager.dispatchEvent(EventManager.java:230)
	at org.eclipse.osgi.framework.eventmgr.EventManager$EventThread.run(EventManager.java:340)

!ENTRY org.eclipse.remote.ui 4 0 2014-12-19 17:42:29.803
!MESSAGE FrameworkEvent ERROR
!STACK 0
org.osgi.framework.BundleException: Could not resolve module: org.eclipse.remote.ui [212]
  Unresolved requirement: Require-Bundle: org.eclipse.ui.trace

	at org.eclipse.osgi.container.Module.start(Module.java:434)
	at org.eclipse.osgi.container.ModuleContainer$ContainerStartLevel.incStartLevel(ModuleContainer.java:1582)
	at org.eclipse.osgi.container.ModuleContainer$ContainerStartLevel.incStartLevel(ModuleContainer.java:1561)
	at org.eclipse.osgi.container.ModuleContainer$ContainerStartLevel.doContainerStartLevel(ModuleContainer.java:1533)
	at org.eclipse.osgi.container.ModuleContainer$ContainerStartLevel.dispatchEvent(ModuleContainer.java:1476)
	at org.eclipse.osgi.container.ModuleContainer$ContainerStartLevel.dispatchEvent(ModuleContainer.java:1)
	at org.eclipse.osgi.framework.eventmgr.EventManager.dispatchEvent(EventManager.java:230)
	at org.eclipse.osgi.framework.eventmgr.EventManager$EventThread.run(EventManager.java:340)

!ENTRY org.eclipse.tracecompass.lttng2.control.ui 4 0 2014-12-19 17:42:29.811
!MESSAGE FrameworkEvent ERROR
!STACK 0
org.osgi.framework.BundleException: Could not resolve module: org.eclipse.tracecompass.lttng2.control.ui [217]
  Unresolved requirement: Require-Bundle: org.eclipse.remote.ui; bundle-version="1.1.0"
    -> Bundle-SymbolicName: org.eclipse.remote.ui; bundle-version="1.1.0.201409111520"; singleton:="true"
       org.eclipse.remote.ui [212]
         Unresolved requirement: Require-Bundle: org.eclipse.ui.trace
  Unresolved requirement: Import-Package: com.google.common.collect
    -> Export-Package: com.google.common.collect; bundle-version="0.1.0"; bundle-symbolic-name="org.eclipse.tracecompass.totalads.libraries"; version="0.0.0"
       org.eclipse.tracecompass.totalads.libraries [239]
         Unresolved requirement: Require-Bundle: org.apache.commons.io

	at org.eclipse.osgi.container.Module.start(Module.java:434)
	at org.eclipse.osgi.container.ModuleContainer$ContainerStartLevel.incStartLevel(ModuleContainer.java:1582)
	at org.eclipse.osgi.container.ModuleContainer$ContainerStartLevel.incStartLevel(ModuleContainer.java:1561)
	at org.eclipse.osgi.container.ModuleContainer$ContainerStartLevel.doContainerStartLevel(ModuleContainer.java:1533)
	at org.eclipse.osgi.container.ModuleContainer$ContainerStartLevel.dispatchEvent(ModuleContainer.java:1476)
	at org.eclipse.osgi.container.ModuleContainer$ContainerStartLevel.dispatchEvent(ModuleContainer.java:1)
	at org.eclipse.osgi.framework.eventmgr.EventManager.dispatchEvent(EventManager.java:230)
	at org.eclipse.osgi.framework.eventmgr.EventManager$EventThread.run(EventManager.java:340)

!ENTRY org.eclipse.tracecompass.lttng2.kernel.ui 4 0 2014-12-19 17:42:29.818
!MESSAGE FrameworkEvent ERROR
!STACK 0
org.osgi.framework.BundleException: Could not resolve module: org.eclipse.tracecompass.lttng2.kernel.ui [219]
  Unresolved requirement: Require-Bundle: org.eclipse.tracecompass.lttng2.control.ui; bundle-version="0.1.0"
    -> Bundle-SymbolicName: org.eclipse.tracecompass.lttng2.control.ui; bundle-version="0.1.0.201412180901"; singleton:="true"
       org.eclipse.tracecompass.lttng2.control.ui [217]
         Unresolved requirement: Require-Bundle: org.eclipse.remote.ui; bundle-version="1.1.0"
           -> Bundle-SymbolicName: org.eclipse.remote.ui; bundle-version="1.1.0.201409111520"; singleton:="true"
              org.eclipse.remote.ui [212]
                Unresolved requirement: Require-Bundle: org.eclipse.ui.trace
         Unresolved requirement: Import-Package: com.google.common.collect
           -> Export-Package: com.google.common.collect; bundle-version="0.1.0"; bundle-symbolic-name="org.eclipse.tracecompass.totalads.libraries"; version="0.0.0"
              org.eclipse.tracecompass.totalads.libraries [239]
                Unresolved requirement: Require-Bundle: org.apache.commons.io
  Unresolved requirement: Import-Package: com.google.common.collect
    -> Export-Package: com.google.common.collect; bundle-version="0.1.0"; bundle-symbolic-name="org.eclipse.tracecompass.totalads.libraries"; version="0.0.0"

	at org.eclipse.osgi.container.Module.start(Module.java:434)
	at org.eclipse.osgi.container.ModuleContainer$ContainerStartLevel.incStartLevel(ModuleContainer.java:1582)
	at org.eclipse.osgi.container.ModuleContainer$ContainerStartLevel.incStartLevel(ModuleContainer.java:1561)
	at org.eclipse.osgi.container.ModuleContainer$ContainerStartLevel.doContainerStartLevel(ModuleContainer.java:1533)
	at org.eclipse.osgi.container.ModuleContainer$ContainerStartLevel.dispatchEvent(ModuleContainer.java:1476)
	at org.eclipse.osgi.container.ModuleContainer$ContainerStartLevel.dispatchEvent(ModuleContainer.java:1)
	at org.eclipse.osgi.framework.eventmgr.EventManager.dispatchEvent(EventManager.java:230)
	at org.eclipse.osgi.framework.eventmgr.EventManager$EventThread.run(EventManager.java:340)
