2014-12-13 10:32:29,650 [Worker-4] INFO  o.e.m.c.i.l.LifecycleMappingFactory - Using org.eclipse.m2e.jdt.JarLifecycleMapping lifecycle mapping for MavenProject: org.eclipse.tracecompass.totalads.core.tests:org.eclipse.tracecompass.totalads.core.tests:0.0.1-SNAPSHOT @ /home/shary/workspace/totalads/org.eclipse.tracecompass.totalads.core.tests/pom.xml.
2014-12-13 10:32:31,565 [Worker-4] INFO  o.e.m.c.i.embedder.EclipseLogger - Using 'UTF-8' encoding to copy filtered resources.
2014-12-13 10:32:31,565 [Worker-4] INFO  o.e.m.c.i.embedder.EclipseLogger - skip non existing resourceDirectory /home/shary/workspace/totalads/org.eclipse.tracecompass.totalads.core.tests/src/main/resources
2014-12-13 10:32:31,569 [Worker-4] INFO  o.e.m.c.i.embedder.EclipseLogger - Using 'UTF-8' encoding to copy filtered resources.
2014-12-13 10:32:31,570 [Worker-4] INFO  o.e.m.c.i.embedder.EclipseLogger - skip non existing resourceDirectory /home/shary/workspace/totalads/org.eclipse.tracecompass.totalads.core.tests/src/test/resources
2014-12-13 10:32:31,667 [Worker-5] INFO  o.e.m.c.i.l.LifecycleMappingFactory - Using org.eclipse.m2e.jdt.JarLifecycleMapping lifecycle mapping for MavenProject: org.eclipse.tracecompass.totalads.core.tests:org.eclipse.tracecompass.totalads.core.tests:0.0.1-SNAPSHOT @ /home/shary/workspace/totalads/org.eclipse.tracecompass.totalads.core.tests/pom.xml.
2014-12-13 10:32:31,877 [Worker-5] INFO  o.e.m.c.i.l.LifecycleMappingFactory - Using org.eclipse.m2e.jdt.JarLifecycleMapping lifecycle mapping for MavenProject: org.eclipse.tracecompass.totalads.core.tests:org.eclipse.tracecompass.totalads.core.tests:0.0.1-SNAPSHOT @ /home/shary/workspace/totalads/org.eclipse.tracecompass.totalads.core.tests/pom.xml.
2014-12-13 10:32:33,212 [Worker-11] INFO  o.e.m.c.i.embedder.EclipseLogger - Using 'UTF-8' encoding to copy filtered resources.
2014-12-13 10:32:33,212 [Worker-11] INFO  o.e.m.c.i.embedder.EclipseLogger - skip non existing resourceDirectory /home/shary/workspace/totalads/org.eclipse.tracecompass.totalads.core.tests/src/main/resources
2014-12-13 10:32:33,215 [Worker-11] INFO  o.e.m.c.i.embedder.EclipseLogger - Using 'UTF-8' encoding to copy filtered resources.
2014-12-13 10:32:33,215 [Worker-11] INFO  o.e.m.c.i.embedder.EclipseLogger - skip non existing resourceDirectory /home/shary/workspace/totalads/org.eclipse.tracecompass.totalads.core.tests/src/test/resources
2014-12-13 10:47:06,792 [Worker-14] INFO  o.e.m.c.i.embedder.EclipseLogger - Using 'UTF-8' encoding to copy filtered resources.
2014-12-13 10:47:06,839 [Worker-14] INFO  o.e.m.c.i.embedder.EclipseLogger - skip non existing resourceDirectory /home/shary/workspace/totalads/org.eclipse.tracecompass.totalads.core.tests/src/main/resources
2014-12-13 10:47:06,840 [Worker-14] INFO  o.e.m.c.i.embedder.EclipseLogger - Using 'UTF-8' encoding to copy filtered resources.
2014-12-13 10:47:06,840 [Worker-14] INFO  o.e.m.c.i.embedder.EclipseLogger - skip non existing resourceDirectory /home/shary/workspace/totalads/org.eclipse.tracecompass.totalads.core.tests/src/test/resources
2014-12-13 10:51:13,043 [Worker-4] INFO  o.e.m.c.i.embedder.EclipseLogger - Using 'UTF-8' encoding to copy filtered resources.
2014-12-13 10:51:13,046 [Worker-4] INFO  o.e.m.c.i.embedder.EclipseLogger - skip non existing resourceDirectory /home/shary/workspace/totalads/org.eclipse.tracecompass.totalads.core.tests/src/main/resources
2014-12-13 10:51:13,048 [Worker-4] INFO  o.e.m.c.i.embedder.EclipseLogger - Using 'UTF-8' encoding to copy filtered resources.
2014-12-13 10:51:13,048 [Worker-4] INFO  o.e.m.c.i.embedder.EclipseLogger - skip non existing resourceDirectory /home/shary/workspace/totalads/org.eclipse.tracecompass.totalads.core.tests/src/test/resources
2014-12-13 13:13:19,452 [Worker-44] INFO  o.e.m.c.i.e.AbstractTransferListenerAdapter - Downloading http://repo.maven.apache.org/maven2/org/eclipse/tycho/tycho-maven-plugin/0.22.0/tycho-maven-plugin-0.22.0.pom
2014-12-13 13:13:19,654 [Worker-44] INFO  o.e.m.c.i.e.AbstractTransferListenerAdapter - Downloaded http://repo.maven.apache.org/maven2/org/eclipse/tycho/tycho-maven-plugin/0.22.0/tycho-maven-plugin-0.22.0.pom
2014-12-13 13:13:19,948 [Worker-44] INFO  o.e.m.c.i.e.AbstractTransferListenerAdapter - Downloading http://repo.maven.apache.org/maven2/org/eclipse/tycho/tycho-maven-plugin/0.22.0/tycho-maven-plugin-0.22.0.jar
2014-12-13 13:13:20,076 [Worker-44] INFO  o.e.m.c.i.e.AbstractTransferListenerAdapter - Downloaded http://repo.maven.apache.org/maven2/org/eclipse/tycho/tycho-maven-plugin/0.22.0/tycho-maven-plugin-0.22.0.jar
2014-12-13 13:29:58,225 [Worker-58] INFO  o.e.m.c.i.e.AbstractTransferListenerAdapter - Downloaded http://repo.maven.apache.org/maven2/org/eclipse/tycho/tycho-maven-plugin/${tycho-version}/tycho-maven-plugin-${tycho-version}.pom
2014-12-13 13:33:57,956 [Worker-61] INFO  o.e.m.c.i.e.AbstractTransferListenerAdapter - Downloading http://repo.maven.apache.org/maven2/jdepend/jdepend/2.5/jdepend-2.5.pom
2014-12-13 13:33:58,190 [Worker-61] INFO  o.e.m.c.i.e.AbstractTransferListenerAdapter - Downloaded http://repo.maven.apache.org/maven2/jdepend/jdepend/2.5/jdepend-2.5.pom
2014-12-13 13:33:58,674 [Worker-61] INFO  o.e.m.c.i.e.AbstractTransferListenerAdapter - Downloading http://repo.maven.apache.org/maven2/jdepend/jdepend/2.5/jdepend-2.5.jar
2014-12-13 13:33:59,804 [Worker-61] INFO  o.e.m.c.i.e.AbstractTransferListenerAdapter - Downloaded http://repo.maven.apache.org/maven2/jdepend/jdepend/2.5/jdepend-2.5.jar
2014-12-13 13:39:59,092 [Worker-59] INFO  o.e.m.c.i.e.AbstractTransferListenerAdapter - Downloading http://repo.maven.apache.org/maven2/com/google/guava/guava-parent/16.0/guava-parent-16.0.pom
2014-12-13 13:39:59,339 [Worker-59] INFO  o.e.m.c.i.e.AbstractTransferListenerAdapter - Downloaded http://repo.maven.apache.org/maven2/com/google/guava/guava-parent/16.0/guava-parent-16.0.pom
2014-12-13 13:40:00,457 [Worker-59] INFO  o.e.m.c.i.e.AbstractTransferListenerAdapter - Downloading http://repo.maven.apache.org/maven2/com/google/code/findbugs/jsr305/1.3.9/jsr305-1.3.9.pom
2014-12-13 13:40:01,087 [Worker-59] INFO  o.e.m.c.i.e.AbstractTransferListenerAdapter - Downloaded http://repo.maven.apache.org/maven2/com/google/code/findbugs/jsr305/1.3.9/jsr305-1.3.9.pom
2014-12-13 13:40:01,208 [Worker-59] INFO  o.e.m.c.i.e.AbstractTransferListenerAdapter - Downloading http://repo.maven.apache.org/maven2/com/google/code/findbugs/jsr305/1.3.9/jsr305-1.3.9.jar
2014-12-13 13:40:01,649 [Worker-59] INFO  o.e.m.c.i.e.AbstractTransferListenerAdapter - Downloaded http://repo.maven.apache.org/maven2/com/google/code/findbugs/jsr305/1.3.9/jsr305-1.3.9.jar
2014-12-13 13:45:07,788 [Worker-52] INFO  o.e.m.c.i.e.AbstractTransferListenerAdapter - Downloading http://repo.maven.apache.org/maven2/org/apache/maven/plugins/maven-site-plugin/3.3/maven-site-plugin-3.3.jar
2014-12-13 13:45:08,286 [Worker-52] INFO  o.e.m.c.i.e.AbstractTransferListenerAdapter - Downloaded http://repo.maven.apache.org/maven2/org/apache/maven/plugins/maven-site-plugin/3.3/maven-site-plugin-3.3.jar
2014-12-13 13:45:08,459 [Worker-52] INFO  o.e.m.c.i.l.LifecycleMappingFactory - Using DEFAULT lifecycle mapping for MavenProject: org.eclipse.tracecompass.totalads.libs:org.eclipse.tracecompass.totalads.libs:0.1.0-SNAPSHOT @ /home/shary/workspace/totalads/org.eclipse.tracecompass.totalads.libs/pom.xml.
2014-12-13 13:45:09,532 [Worker-52] INFO  o.e.m.c.i.p.ProjectConfigurationManager - Update started
2014-12-13 13:45:09,569 [Worker-52] INFO  o.e.m.c.i.l.LifecycleMappingFactory - Using DEFAULT lifecycle mapping for MavenProject: org.eclipse.tracecompass.totalads.libs:org.eclipse.tracecompass.totalads.libs:0.1.0-SNAPSHOT @ /home/shary/workspace/totalads/org.eclipse.tracecompass.totalads.libs/pom.xml.
2014-12-13 13:45:10,448 [Worker-52] INFO  o.e.m.c.i.p.ProjectConfigurationManager - Update completed: 0 sec
2014-12-13 13:45:10,780 [Worker-59] INFO  o.e.m.c.i.e.AbstractTransferListenerAdapter - Downloading http://repo.maven.apache.org/maven2/org/apache/maven/shared/maven-filtering/1.0-beta-4/maven-filtering-1.0-beta-4.pom
2014-12-13 13:45:10,934 [Worker-59] INFO  o.e.m.c.i.e.AbstractTransferListenerAdapter - Downloaded http://repo.maven.apache.org/maven2/org/apache/maven/shared/maven-filtering/1.0-beta-4/maven-filtering-1.0-beta-4.pom
2014-12-13 13:45:11,125 [Worker-59] INFO  o.e.m.c.i.e.AbstractTransferListenerAdapter - Downloading http://repo.maven.apache.org/maven2/org/apache/maven/shared/maven-filtering/1.0-beta-4/maven-filtering-1.0-beta-4.jar
2014-12-13 13:45:11,315 [Worker-59] INFO  o.e.m.c.i.e.AbstractTransferListenerAdapter - Downloaded http://repo.maven.apache.org/maven2/org/apache/maven/shared/maven-filtering/1.0-beta-4/maven-filtering-1.0-beta-4.jar
2014-12-13 13:45:11,558 [Worker-59] WARN  o.e.m.c.i.embedder.EclipseLogger - Using platform encoding (UTF-8 actually) to copy filtered resources, i.e. build is platform dependent!
2014-12-13 13:45:11,584 [Worker-59] INFO  o.e.m.c.i.embedder.EclipseLogger - skip non existing resourceDirectory /home/shary/workspace/totalads/org.eclipse.tracecompass.totalads.libs/src/main/resources
2014-12-13 13:45:11,585 [Worker-59] WARN  o.e.m.c.i.embedder.EclipseLogger - Using platform encoding (UTF-8 actually) to copy filtered resources, i.e. build is platform dependent!
2014-12-13 13:45:11,586 [Worker-59] INFO  o.e.m.c.i.embedder.EclipseLogger - skip non existing resourceDirectory /home/shary/workspace/totalads/org.eclipse.tracecompass.totalads.libs/src/test/resources
2014-12-13 13:46:19,158 [Worker-56] INFO  o.e.m.c.i.l.LifecycleMappingFactory - Using org.eclipse.m2e.jdt.JarLifecycleMapping lifecycle mapping for MavenProject: org.eclipse.tracecompass.totalads.libs:org.eclipse.tracecompass.totalads.libs:0.0.1-SNAPSHOT @ /home/shary/workspace/totalads/org.eclipse.tracecompass.totalads.libs/pom.xml.
2014-12-13 13:46:20,115 [Worker-56] INFO  o.e.m.j.i.AbstractJavaProjectConfigurator - Adding source folder /org.eclipse.tracecompass.totalads.libs/src/main/java
2014-12-13 13:46:20,120 [Worker-56] INFO  o.e.m.j.i.AbstractJavaProjectConfigurator - Adding source folder /org.eclipse.tracecompass.totalads.libs/src/test/java
2014-12-13 13:46:20,340 [Worker-56] INFO  o.e.m.c.i.p.ProjectConfigurationManager - Update started
2014-12-13 13:46:20,400 [Worker-56] INFO  o.e.m.c.i.l.LifecycleMappingFactory - Using org.eclipse.m2e.jdt.JarLifecycleMapping lifecycle mapping for MavenProject: org.eclipse.tracecompass.totalads.libs:org.eclipse.tracecompass.totalads.libs:0.0.1-SNAPSHOT @ /home/shary/workspace/totalads/org.eclipse.tracecompass.totalads.libs/pom.xml.
2014-12-13 13:46:20,958 [Worker-56] INFO  o.e.m.j.i.AbstractJavaProjectConfigurator - Adding source folder /org.eclipse.tracecompass.totalads.libs/src/main/java
2014-12-13 13:46:20,958 [Worker-56] INFO  o.e.m.j.i.AbstractJavaProjectConfigurator - Adding source folder /org.eclipse.tracecompass.totalads.libs/src/test/java
2014-12-13 13:46:21,003 [Worker-56] INFO  o.e.m.c.i.p.ProjectConfigurationManager - Update completed: 0 sec
2014-12-13 13:46:21,213 [Worker-64] WARN  o.e.m.c.i.embedder.EclipseLogger - Using platform encoding (UTF-8 actually) to copy filtered resources, i.e. build is platform dependent!
2014-12-13 13:46:21,213 [Worker-64] INFO  o.e.m.c.i.embedder.EclipseLogger - skip non existing resourceDirectory /home/shary/workspace/totalads/org.eclipse.tracecompass.totalads.libs/src/main/resources
2014-12-13 13:46:21,228 [Worker-64] WARN  o.e.m.c.i.embedder.EclipseLogger - Using platform encoding (UTF-8 actually) to copy filtered resources, i.e. build is platform dependent!
2014-12-13 13:46:21,228 [Worker-64] INFO  o.e.m.c.i.embedder.EclipseLogger - skip non existing resourceDirectory /home/shary/workspace/totalads/org.eclipse.tracecompass.totalads.libs/src/test/resources
2014-12-13 13:55:39,625 [Worker-58] INFO  o.e.m.c.i.l.LifecycleMappingFactory - Using org.eclipse.m2e.jdt.JarLifecycleMapping lifecycle mapping for MavenProject: org.eclipse.tracecompass.totalads.libs:org.eclipse.tracecompass.totalads.libs:0.0.1-SNAPSHOT @ /home/shary/workspace/totalads/org.eclipse.tracecompass.totalads.libs/pom.xml.
2014-12-13 13:55:40,354 [Worker-58] INFO  o.e.m.j.i.AbstractJavaProjectConfigurator - Adding source folder /org.eclipse.tracecompass.totalads.libs/src/main/java
2014-12-13 13:55:40,355 [Worker-58] INFO  o.e.m.j.i.AbstractJavaProjectConfigurator - Adding source folder /org.eclipse.tracecompass.totalads.libs/src/test/java
2014-12-13 13:55:40,447 [Worker-58] INFO  o.e.m.c.i.p.ProjectConfigurationManager - Update started
2014-12-13 13:55:40,468 [Worker-58] INFO  o.e.m.c.i.l.LifecycleMappingFactory - Using org.eclipse.m2e.jdt.JarLifecycleMapping lifecycle mapping for MavenProject: org.eclipse.tracecompass.totalads.libs:org.eclipse.tracecompass.totalads.libs:0.0.1-SNAPSHOT @ /home/shary/workspace/totalads/org.eclipse.tracecompass.totalads.libs/pom.xml.
2014-12-13 13:55:40,980 [Worker-59] WARN  o.e.m.c.i.embedder.EclipseLogger - Using platform encoding (UTF-8 actually) to copy filtered resources, i.e. build is platform dependent!
2014-12-13 13:55:40,981 [Worker-59] INFO  o.e.m.c.i.embedder.EclipseLogger - skip non existing resourceDirectory /home/shary/workspace/totalads/org.eclipse.tracecompass.totalads.libs/src/main/resources
2014-12-13 13:55:40,983 [Worker-59] WARN  o.e.m.c.i.embedder.EclipseLogger - Using platform encoding (UTF-8 actually) to copy filtered resources, i.e. build is platform dependent!
2014-12-13 13:55:40,984 [Worker-59] INFO  o.e.m.c.i.embedder.EclipseLogger - skip non existing resourceDirectory /home/shary/workspace/totalads/org.eclipse.tracecompass.totalads.libs/src/test/resources
2014-12-13 13:55:42,511 [Worker-58] INFO  o.e.m.j.i.AbstractJavaProjectConfigurator - Adding source folder /org.eclipse.tracecompass.totalads.libs/src/main/java
2014-12-13 13:55:42,512 [Worker-58] INFO  o.e.m.j.i.AbstractJavaProjectConfigurator - Adding source folder /org.eclipse.tracecompass.totalads.libs/src/test/java
2014-12-13 13:55:42,690 [Worker-58] INFO  o.e.m.c.i.p.ProjectConfigurationManager - Update completed: 2 sec
2014-12-13 13:55:43,688 [Worker-67] WARN  o.e.m.c.i.embedder.EclipseLogger - Using platform encoding (UTF-8 actually) to copy filtered resources, i.e. build is platform dependent!
2014-12-13 13:55:43,688 [Worker-67] INFO  o.e.m.c.i.embedder.EclipseLogger - skip non existing resourceDirectory /home/shary/workspace/totalads/org.eclipse.tracecompass.totalads.libs/src/main/resources
2014-12-13 13:55:43,690 [Worker-67] WARN  o.e.m.c.i.embedder.EclipseLogger - Using platform encoding (UTF-8 actually) to copy filtered resources, i.e. build is platform dependent!
2014-12-13 13:55:43,690 [Worker-67] INFO  o.e.m.c.i.embedder.EclipseLogger - skip non existing resourceDirectory /home/shary/workspace/totalads/org.eclipse.tracecompass.totalads.libs/src/test/resources
2014-12-13 14:01:10,142 [Worker-65] INFO  o.e.m.c.i.l.LifecycleMappingFactory - Using org.eclipse.m2e.jdt.JarLifecycleMapping lifecycle mapping for MavenProject: org.eclipse.tracecompass.totalads.libs:org.eclipse.tracecompass.totalads.libs:0.0.1-SNAPSHOT @ /home/shary/workspace/totalads/org.eclipse.tracecompass.totalads.libs/pom.xml.
2014-12-13 14:01:10,326 [Worker-65] INFO  o.e.m.j.i.AbstractJavaProjectConfigurator - Adding source folder /org.eclipse.tracecompass.totalads.libs/src/main/java
2014-12-13 14:01:10,326 [Worker-65] INFO  o.e.m.j.i.AbstractJavaProjectConfigurator - Adding source folder /org.eclipse.tracecompass.totalads.libs/src/test/java
2014-12-13 14:01:10,374 [Worker-65] INFO  o.e.m.c.i.p.ProjectConfigurationManager - Update started
2014-12-13 14:01:10,392 [Worker-65] INFO  o.e.m.c.i.l.LifecycleMappingFactory - Using org.eclipse.m2e.jdt.JarLifecycleMapping lifecycle mapping for MavenProject: org.eclipse.tracecompass.totalads.libs:org.eclipse.tracecompass.totalads.libs:0.0.1-SNAPSHOT @ /home/shary/workspace/totalads/org.eclipse.tracecompass.totalads.libs/pom.xml.
2014-12-13 14:01:10,600 [Worker-65] INFO  o.e.m.j.i.AbstractJavaProjectConfigurator - Adding source folder /org.eclipse.tracecompass.totalads.libs/src/main/java
2014-12-13 14:01:10,600 [Worker-65] INFO  o.e.m.j.i.AbstractJavaProjectConfigurator - Adding source folder /org.eclipse.tracecompass.totalads.libs/src/test/java
2014-12-13 14:01:10,647 [Worker-65] INFO  o.e.m.c.i.p.ProjectConfigurationManager - Update completed: 0 sec
2014-12-13 14:01:10,797 [Worker-71] WARN  o.e.m.c.i.embedder.EclipseLogger - Using platform encoding (UTF-8 actually) to copy filtered resources, i.e. build is platform dependent!
2014-12-13 14:01:10,798 [Worker-71] INFO  o.e.m.c.i.embedder.EclipseLogger - skip non existing resourceDirectory /home/shary/workspace/totalads/org.eclipse.tracecompass.totalads.libs/src/main/resources
2014-12-13 14:01:10,799 [Worker-71] WARN  o.e.m.c.i.embedder.EclipseLogger - Using platform encoding (UTF-8 actually) to copy filtered resources, i.e. build is platform dependent!
2014-12-13 14:01:10,799 [Worker-71] INFO  o.e.m.c.i.embedder.EclipseLogger - skip non existing resourceDirectory /home/shary/workspace/totalads/org.eclipse.tracecompass.totalads.libs/src/test/resources
2014-12-13 14:03:06,228 [Worker-61] WARN  o.e.m.c.i.embedder.EclipseLogger - Using platform encoding (UTF-8 actually) to copy filtered resources, i.e. build is platform dependent!
2014-12-13 14:03:06,255 [Worker-61] INFO  o.e.m.c.i.embedder.EclipseLogger - skip non existing resourceDirectory /home/shary/workspace/totalads/org.eclipse.tracecompass.totalads.libs/src/main/resources
2014-12-13 14:03:06,259 [Worker-61] WARN  o.e.m.c.i.embedder.EclipseLogger - Using platform encoding (UTF-8 actually) to copy filtered resources, i.e. build is platform dependent!
2014-12-13 14:03:06,259 [Worker-61] INFO  o.e.m.c.i.embedder.EclipseLogger - skip non existing resourceDirectory /home/shary/workspace/totalads/org.eclipse.tracecompass.totalads.libs/src/test/resources
2014-12-13 14:05:33,434 [Worker-63] INFO  o.e.m.c.i.l.LifecycleMappingFactory - Using org.eclipse.m2e.jdt.JarLifecycleMapping lifecycle mapping for MavenProject: org.eclipse.tracecompass.totalads.libs:org.eclipse.tracecompass.totalads.libs:0.1.0-SNAPSHOT @ /home/shary/workspace/totalads/org.eclipse.tracecompass.totalads.libs/pom.xml.
2014-12-13 14:05:33,682 [Worker-63] WARN  o.e.m.c.i.embedder.EclipseLogger - Using platform encoding (UTF-8 actually) to copy filtered resources, i.e. build is platform dependent!
2014-12-13 14:05:33,682 [Worker-63] INFO  o.e.m.c.i.embedder.EclipseLogger - skip non existing resourceDirectory /home/shary/workspace/totalads/org.eclipse.tracecompass.totalads.libs/src/main/resources
2014-12-13 14:05:33,683 [Worker-63] WARN  o.e.m.c.i.embedder.EclipseLogger - Using platform encoding (UTF-8 actually) to copy filtered resources, i.e. build is platform dependent!
2014-12-13 14:05:33,684 [Worker-63] INFO  o.e.m.c.i.embedder.EclipseLogger - skip non existing resourceDirectory /home/shary/workspace/totalads/org.eclipse.tracecompass.totalads.libs/src/test/resources
2014-12-13 15:04:08,391 [Worker-73] INFO  o.e.m.i.launch.MavenLaunchDelegate - /home/shary/workspace/totalads/org.eclipse.tracecompass.totalads.libs
2014-12-13 15:04:08,406 [Worker-73] INFO  o.e.m.i.launch.MavenLaunchDelegate -  mvn  -B install
2014-12-13 15:40:02,000 [Worker-58] INFO  o.e.m.i.launch.MavenLaunchDelegate - /home/shary/workspace/totalads/org.eclipse.tracecompass.totalads.core.tests
2014-12-13 15:40:02,027 [Worker-58] INFO  o.e.m.i.launch.MavenLaunchDelegate -  mvn  -B install
2014-12-13 17:20:19,588 [Worker-5] INFO  o.e.m.i.launch.MavenLaunchDelegate - /home/shary/workspace/totalads/org.eclipse.tracecompass.totalads.core.tests
2014-12-13 17:20:19,644 [Worker-5] INFO  o.e.m.i.launch.MavenLaunchDelegate -  mvn  -B install
2014-12-13 17:42:36,394 [Worker-15] INFO  o.e.m.i.launch.MavenLaunchDelegate - /home/shary/workspace/totalads/org.eclipse.tracecompass.totalads.core.tests
2014-12-13 17:42:36,395 [Worker-15] INFO  o.e.m.i.launch.MavenLaunchDelegate -  mvn  -B install
2014-12-13 17:46:09,153 [Worker-13] INFO  o.e.m.i.launch.MavenLaunchDelegate - /home/shary/workspace/totalads/org.eclipse.tracecompass.totalads.core.tests
2014-12-13 17:46:09,173 [Worker-13] INFO  o.e.m.i.launch.MavenLaunchDelegate -  mvn  -B install
2014-12-13 17:47:38,772 [Worker-4] INFO  o.e.m.c.i.e.AbstractTransferListenerAdapter - Downloading http://repo.maven.apache.org/maven2/org/codehaus/plexus/plexus-classworlds/2.5.1/plexus-classworlds-2.5.1-sources.jar
2014-12-13 17:47:38,948 [Worker-4] INFO  o.e.m.c.i.e.AbstractTransferListenerAdapter - Downloaded http://repo.maven.apache.org/maven2/org/codehaus/plexus/plexus-classworlds/2.5.1/plexus-classworlds-2.5.1-sources.jar
2014-12-13 17:47:39,627 [Worker-4] INFO  o.e.m.c.i.e.AbstractTransferListenerAdapter - Downloading http://repo.maven.apache.org/maven2/io/takari/aether/takari-local-repository/0.9.0/takari-local-repository-0.9.0-sources.jar
2014-12-13 17:47:39,730 [Worker-4] INFO  o.e.m.c.i.e.AbstractTransferListenerAdapter - Downloaded http://repo.maven.apache.org/maven2/io/takari/aether/takari-local-repository/0.9.0/takari-local-repository-0.9.0-sources.jar
2014-12-13 17:47:40,117 [Worker-4] INFO  o.e.m.c.i.e.AbstractTransferListenerAdapter - Downloading http://repo.maven.apache.org/maven2/io/takari/takari-filemanager/0.7.0/takari-filemanager-0.7.0-sources.jar
2014-12-13 17:47:40,191 [Worker-4] INFO  o.e.m.c.i.e.AbstractTransferListenerAdapter - Downloaded http://repo.maven.apache.org/maven2/io/takari/takari-filemanager/0.7.0/takari-filemanager-0.7.0-sources.jar
2014-12-13 17:47:40,475 [Worker-4] INFO  o.e.m.c.i.e.AbstractTransferListenerAdapter - Downloading http://repo.maven.apache.org/maven2/org/apache/maven/maven-core/3.2.1/maven-core-3.2.1-sources.jar
2014-12-13 17:47:41,411 [Worker-4] INFO  o.e.m.c.i.e.AbstractTransferListenerAdapter - Downloaded http://repo.maven.apache.org/maven2/org/apache/maven/maven-core/3.2.1/maven-core-3.2.1-sources.jar
2014-12-13 17:47:41,674 [Worker-4] INFO  o.e.m.c.i.e.AbstractTransferListenerAdapter - Downloading http://repo.maven.apache.org/maven2/org/apache/maven/maven-model/3.2.1/maven-model-3.2.1-sources.jar
2014-12-13 17:47:41,890 [Worker-4] INFO  o.e.m.c.i.e.AbstractTransferListenerAdapter - Downloaded http://repo.maven.apache.org/maven2/org/apache/maven/maven-model/3.2.1/maven-model-3.2.1-sources.jar
2014-12-13 17:47:42,288 [Worker-4] INFO  o.e.m.c.i.e.AbstractTransferListenerAdapter - Downloading http://repo.maven.apache.org/maven2/org/apache/maven/maven-settings/3.2.1/maven-settings-3.2.1-sources.jar
2014-12-13 17:47:42,385 [Worker-4] INFO  o.e.m.c.i.e.AbstractTransferListenerAdapter - Downloaded http://repo.maven.apache.org/maven2/org/apache/maven/maven-settings/3.2.1/maven-settings-3.2.1-sources.jar
2014-12-13 17:47:42,658 [Worker-4] INFO  o.e.m.c.i.e.AbstractTransferListenerAdapter - Downloading http://repo.maven.apache.org/maven2/org/apache/maven/maven-settings-builder/3.2.1/maven-settings-builder-3.2.1-sources.jar
2014-12-13 17:47:42,793 [Worker-4] INFO  o.e.m.c.i.e.AbstractTransferListenerAdapter - Downloaded http://repo.maven.apache.org/maven2/org/apache/maven/maven-settings-builder/3.2.1/maven-settings-builder-3.2.1-sources.jar
2014-12-13 17:47:43,633 [Worker-4] INFO  o.e.m.c.i.e.AbstractTransferListenerAdapter - Downloading http://repo.maven.apache.org/maven2/org/apache/maven/maven-repository-metadata/3.2.1/maven-repository-metadata-3.2.1-sources.jar
2014-12-13 17:47:43,716 [Worker-4] INFO  o.e.m.c.i.e.AbstractTransferListenerAdapter - Downloaded http://repo.maven.apache.org/maven2/org/apache/maven/maven-repository-metadata/3.2.1/maven-repository-metadata-3.2.1-sources.jar
2014-12-13 17:47:44,647 [Worker-4] INFO  o.e.m.c.i.e.AbstractTransferListenerAdapter - Downloading http://repo.maven.apache.org/maven2/org/apache/maven/maven-artifact/3.2.1/maven-artifact-3.2.1-sources.jar
2014-12-13 17:47:44,858 [Worker-4] INFO  o.e.m.c.i.e.AbstractTransferListenerAdapter - Downloaded http://repo.maven.apache.org/maven2/org/apache/maven/maven-artifact/3.2.1/maven-artifact-3.2.1-sources.jar
2014-12-13 17:47:45,040 [Worker-4] INFO  o.e.m.c.i.e.AbstractTransferListenerAdapter - Downloading http://repo.maven.apache.org/maven2/org/apache/maven/maven-plugin-api/3.2.1/maven-plugin-api-3.2.1-sources.jar
2014-12-13 17:47:45,245 [Worker-4] INFO  o.e.m.c.i.e.AbstractTransferListenerAdapter - Downloaded http://repo.maven.apache.org/maven2/org/apache/maven/maven-plugin-api/3.2.1/maven-plugin-api-3.2.1-sources.jar
2014-12-13 17:47:45,448 [Worker-4] INFO  o.e.m.c.i.e.AbstractTransferListenerAdapter - Downloading http://repo.maven.apache.org/maven2/org/apache/maven/maven-model-builder/3.2.1/maven-model-builder-3.2.1-sources.jar
2014-12-13 17:47:45,752 [Worker-4] INFO  o.e.m.c.i.e.AbstractTransferListenerAdapter - Downloaded http://repo.maven.apache.org/maven2/org/apache/maven/maven-model-builder/3.2.1/maven-model-builder-3.2.1-sources.jar
2014-12-13 17:47:45,914 [Worker-4] INFO  o.e.m.c.i.e.AbstractTransferListenerAdapter - Downloading http://repo.maven.apache.org/maven2/org/apache/maven/maven-aether-provider/3.2.1/maven-aether-provider-3.2.1-sources.jar
2014-12-13 17:47:46,055 [Worker-4] INFO  o.e.m.c.i.e.AbstractTransferListenerAdapter - Downloaded http://repo.maven.apache.org/maven2/org/apache/maven/maven-aether-provider/3.2.1/maven-aether-provider-3.2.1-sources.jar
2014-12-13 17:47:46,253 [Worker-4] INFO  o.e.m.c.i.e.AbstractTransferListenerAdapter - Downloading http://repo.maven.apache.org/maven2/org/eclipse/aether/aether-api/0.9.0.M2/aether-api-0.9.0.M2-sources.jar
2014-12-13 17:47:46,589 [Worker-4] INFO  o.e.m.c.i.e.AbstractTransferListenerAdapter - Downloaded http://repo.maven.apache.org/maven2/org/eclipse/aether/aether-api/0.9.0.M2/aether-api-0.9.0.M2-sources.jar
2014-12-13 17:47:46,818 [Worker-4] INFO  o.e.m.c.i.e.AbstractTransferListenerAdapter - Downloading http://repo.maven.apache.org/maven2/org/eclipse/aether/aether-util/0.9.0.M2/aether-util-0.9.0.M2-sources.jar
2014-12-13 17:47:47,049 [Worker-4] INFO  o.e.m.c.i.e.AbstractTransferListenerAdapter - Downloaded http://repo.maven.apache.org/maven2/org/eclipse/aether/aether-util/0.9.0.M2/aether-util-0.9.0.M2-sources.jar
2014-12-13 17:47:47,547 [Worker-4] INFO  o.e.m.c.i.e.AbstractTransferListenerAdapter - Downloading http://repo.maven.apache.org/maven2/org/codehaus/plexus/plexus-interpolation/1.19/plexus-interpolation-1.19-sources.jar
2014-12-13 17:47:47,719 [Worker-4] INFO  o.e.m.c.i.e.AbstractTransferListenerAdapter - Downloaded http://repo.maven.apache.org/maven2/org/codehaus/plexus/plexus-interpolation/1.19/plexus-interpolation-1.19-sources.jar
2014-12-13 17:47:48,173 [Worker-4] INFO  o.e.m.c.i.e.AbstractTransferListenerAdapter - Downloading http://repo.maven.apache.org/maven2/org/codehaus/plexus/plexus-utils/3.0.17/plexus-utils-3.0.17-sources.jar
2014-12-13 17:47:48,613 [Worker-4] INFO  o.e.m.c.i.e.AbstractTransferListenerAdapter - Downloaded http://repo.maven.apache.org/maven2/org/codehaus/plexus/plexus-utils/3.0.17/plexus-utils-3.0.17-sources.jar
2014-12-13 17:47:49,559 [Worker-4] INFO  o.e.m.c.i.e.AbstractTransferListenerAdapter - Downloading http://repo.maven.apache.org/maven2/org/codehaus/plexus/plexus-component-annotations/1.5.5/plexus-component-annotations-1.5.5-sources.jar
2014-12-13 17:47:50,992 [Worker-4] INFO  o.e.m.c.i.e.AbstractTransferListenerAdapter - Downloaded http://repo.maven.apache.org/maven2/org/codehaus/plexus/plexus-component-annotations/1.5.5/plexus-component-annotations-1.5.5-sources.jar
2014-12-13 17:47:51,421 [Worker-4] INFO  o.e.m.c.i.e.AbstractTransferListenerAdapter - Downloading http://repo.maven.apache.org/maven2/org/sonatype/plexus/plexus-sec-dispatcher/1.3/plexus-sec-dispatcher-1.3-sources.jar
2014-12-13 17:47:51,498 [Worker-4] INFO  o.e.m.c.i.e.AbstractTransferListenerAdapter - Downloaded http://repo.maven.apache.org/maven2/org/sonatype/plexus/plexus-sec-dispatcher/1.3/plexus-sec-dispatcher-1.3-sources.jar
2014-12-13 17:47:51,929 [Worker-4] INFO  o.e.m.c.i.e.AbstractTransferListenerAdapter - Downloading http://repo.maven.apache.org/maven2/org/apache/maven/maven-embedder/3.2.1/maven-embedder-3.2.1-sources.jar
2014-12-13 17:47:52,327 [Worker-4] INFO  o.e.m.c.i.e.AbstractTransferListenerAdapter - Downloaded http://repo.maven.apache.org/maven2/org/apache/maven/maven-embedder/3.2.1/maven-embedder-3.2.1-sources.jar
2014-12-13 17:47:52,521 [Worker-4] INFO  o.e.m.c.i.e.AbstractTransferListenerAdapter - Downloading http://repo.maven.apache.org/maven2/org/sonatype/plexus/plexus-cipher/1.7/plexus-cipher-1.7-sources.jar
2014-12-13 17:47:52,689 [Worker-4] INFO  o.e.m.c.i.e.AbstractTransferListenerAdapter - Downloaded http://repo.maven.apache.org/maven2/org/sonatype/plexus/plexus-cipher/1.7/plexus-cipher-1.7-sources.jar
2014-12-13 17:47:52,915 [Worker-4] INFO  o.e.m.c.i.e.AbstractTransferListenerAdapter - Downloading http://repo.maven.apache.org/maven2/commons-cli/commons-cli/1.2/commons-cli-1.2-sources.jar
2014-12-13 17:47:53,171 [Worker-4] INFO  o.e.m.c.i.e.AbstractTransferListenerAdapter - Downloaded http://repo.maven.apache.org/maven2/commons-cli/commons-cli/1.2/commons-cli-1.2-sources.jar
2014-12-13 17:47:53,632 [Worker-4] INFO  o.e.m.c.i.e.AbstractTransferListenerAdapter - Downloading http://repo.maven.apache.org/maven2/org/apache/maven/maven-compat/3.2.1/maven-compat-3.2.1-sources.jar
2014-12-13 17:47:54,249 [Worker-4] INFO  o.e.m.c.i.e.AbstractTransferListenerAdapter - Downloaded http://repo.maven.apache.org/maven2/org/apache/maven/maven-compat/3.2.1/maven-compat-3.2.1-sources.jar
2014-12-13 17:47:54,433 [Worker-4] INFO  o.e.m.c.i.e.AbstractTransferListenerAdapter - Downloading http://repo.maven.apache.org/maven2/org/apache/maven/wagon/wagon-provider-api/2.6/wagon-provider-api-2.6-sources.jar
2014-12-13 17:47:54,596 [Worker-4] INFO  o.e.m.c.i.e.AbstractTransferListenerAdapter - Downloaded http://repo.maven.apache.org/maven2/org/apache/maven/wagon/wagon-provider-api/2.6/wagon-provider-api-2.6-sources.jar
2014-12-13 17:47:54,784 [Worker-4] INFO  o.e.m.c.i.e.AbstractTransferListenerAdapter - Downloading http://repo.maven.apache.org/maven2/javax/enterprise/cdi-api/1.0/cdi-api-1.0-sources.jar
2014-12-13 17:47:55,054 [Worker-4] INFO  o.e.m.c.i.e.AbstractTransferListenerAdapter - Downloaded http://repo.maven.apache.org/maven2/javax/enterprise/cdi-api/1.0/cdi-api-1.0-sources.jar
2014-12-13 17:47:55,697 [Worker-4] INFO  o.e.m.c.i.e.AbstractTransferListenerAdapter - Downloading http://repo.maven.apache.org/maven2/com/google/guava/guava/14.0.1/guava-14.0.1-sources.jar
2014-12-13 17:47:56,904 [Worker-4] INFO  o.e.m.c.i.e.AbstractTransferListenerAdapter - Downloaded http://repo.maven.apache.org/maven2/com/google/guava/guava/14.0.1/guava-14.0.1-sources.jar
2014-12-13 17:47:57,185 [Worker-4] INFO  o.e.m.c.i.e.AbstractTransferListenerAdapter - Downloading http://repo.maven.apache.org/maven2/org/eclipse/aether/aether-impl/0.9.0.M2/aether-impl-0.9.0.M2-sources.jar
2014-12-13 17:47:57,341 [Worker-4] INFO  o.e.m.c.i.e.AbstractTransferListenerAdapter - Downloaded http://repo.maven.apache.org/maven2/org/eclipse/aether/aether-impl/0.9.0.M2/aether-impl-0.9.0.M2-sources.jar
2014-12-13 17:47:57,563 [Worker-4] INFO  o.e.m.c.i.e.AbstractTransferListenerAdapter - Downloading http://repo.maven.apache.org/maven2/org/eclipse/aether/aether-spi/0.9.0.M2/aether-spi-0.9.0.M2-sources.jar
2014-12-13 17:47:57,648 [Worker-4] INFO  o.e.m.c.i.e.AbstractTransferListenerAdapter - Downloaded http://repo.maven.apache.org/maven2/org/eclipse/aether/aether-spi/0.9.0.M2/aether-spi-0.9.0.M2-sources.jar
2014-12-13 17:47:57,807 [Worker-4] INFO  o.e.m.c.i.e.AbstractTransferListenerAdapter - Downloading http://repo.maven.apache.org/maven2/io/takari/aether/aether-connector-okhttp/0.12.0/aether-connector-okhttp-0.12.0-sources.jar
2014-12-13 17:47:57,953 [Worker-4] INFO  o.e.m.c.i.e.AbstractTransferListenerAdapter - Downloaded http://repo.maven.apache.org/maven2/io/takari/aether/aether-connector-okhttp/0.12.0/aether-connector-okhttp-0.12.0-sources.jar
2014-12-13 17:47:58,136 [Worker-4] INFO  o.e.m.c.i.e.AbstractTransferListenerAdapter - Downloading http://repo.maven.apache.org/maven2/com/squareup/okhttp/okhttp/1.5.4/okhttp-1.5.4-sources.jar
2014-12-13 17:47:58,530 [Worker-4] INFO  o.e.m.c.i.e.AbstractTransferListenerAdapter - Downloaded http://repo.maven.apache.org/maven2/com/squareup/okhttp/okhttp/1.5.4/okhttp-1.5.4-sources.jar
2014-12-13 17:47:58,779 [Worker-4] INFO  o.e.m.c.i.e.AbstractTransferListenerAdapter - Downloading http://repo.maven.apache.org/maven2/org/eclipse/aether/aether-connector-wagon/0.9.0.M2/aether-connector-wagon-0.9.0.M2-sources.jar
2014-12-13 17:47:58,863 [Worker-4] INFO  o.e.m.c.i.e.AbstractTransferListenerAdapter - Downloaded http://repo.maven.apache.org/maven2/org/eclipse/aether/aether-connector-wagon/0.9.0.M2/aether-connector-wagon-0.9.0.M2-sources.jar
2014-12-13 17:47:59,253 [Worker-4] INFO  o.e.m.c.i.e.AbstractTransferListenerAdapter - Downloading http://repo.maven.apache.org/maven2/org/apache/maven/wagon/wagon-file/2.6/wagon-file-2.6-sources.jar
2014-12-13 17:47:59,322 [Worker-4] INFO  o.e.m.c.i.e.AbstractTransferListenerAdapter - Downloaded http://repo.maven.apache.org/maven2/org/apache/maven/wagon/wagon-file/2.6/wagon-file-2.6-sources.jar
2014-12-13 17:47:59,752 [Worker-4] INFO  o.e.m.c.i.e.AbstractTransferListenerAdapter - Downloading http://repo.maven.apache.org/maven2/commons-lang/commons-lang/2.6/commons-lang-2.6-sources.jar
2014-12-13 17:48:00,395 [Worker-4] INFO  o.e.m.c.i.e.AbstractTransferListenerAdapter - Downloaded http://repo.maven.apache.org/maven2/commons-lang/commons-lang/2.6/commons-lang-2.6-sources.jar
2014-12-13 17:48:02,074 [Worker-4] INFO  o.e.m.c.i.e.AbstractTransferListenerAdapter - Downloading http://repo.maven.apache.org/maven2/org/slf4j/slf4j-simple/1.7.5/slf4j-simple-1.7.5-sources.jar
2014-12-13 17:48:02,145 [Worker-4] INFO  o.e.m.c.i.e.AbstractTransferListenerAdapter - Downloaded http://repo.maven.apache.org/maven2/org/slf4j/slf4j-simple/1.7.5/slf4j-simple-1.7.5-sources.jar
2014-12-13 17:55:24,548 [Worker-15] INFO  o.e.m.i.launch.MavenLaunchDelegate - /home/shary/workspace/totalads/org.eclipse.tracecompass.totalads.core.tests
2014-12-13 17:55:24,596 [Worker-15] INFO  o.e.m.i.launch.MavenLaunchDelegate -  mvn  -B install
2014-12-13 18:57:51,988 [Worker-25] INFO  o.e.m.i.launch.MavenLaunchDelegate - /home/shary/workspace/totalads/org.eclipse.tracecompass.totalads.libraries
2014-12-13 18:57:52,014 [Worker-25] INFO  o.e.m.i.launch.MavenLaunchDelegate -  mvn  -B install
2014-12-13 18:59:29,671 [Worker-4] INFO  o.e.m.i.launch.MavenLaunchDelegate - /home/shary/workspace/totalads/org.eclipse.tracecompass.totalads.libraries
2014-12-13 18:59:29,671 [Worker-4] INFO  o.e.m.i.launch.MavenLaunchDelegate -  mvn  -B install
2014-12-13 19:01:16,558 [Worker-8] INFO  o.e.m.i.launch.MavenLaunchDelegate - /home/shary/workspace/totalads/org.eclipse.tracecompass.totalads.libraries/META-INF/maven/de.flapdoodle.embed/de.flapdoodle.embed.mongo
2014-12-13 19:01:16,577 [Worker-8] INFO  o.e.m.i.launch.MavenLaunchDelegate -  mvn  -B install
2014-12-13 19:01:57,791 [Worker-24] INFO  o.e.m.i.launch.MavenLaunchDelegate - /home/shary/workspace/totalads/org.eclipse.tracecompass.totalads.libraries/META-INF/maven/de.flapdoodle.embed/de.flapdoodle.embed.process
2014-12-13 19:01:57,791 [Worker-24] INFO  o.e.m.i.launch.MavenLaunchDelegate -  mvn  -B install
2014-12-13 19:02:43,417 [Worker-20] INFO  o.e.m.i.launch.MavenLaunchDelegate - /home/shary/workspace/totalads/org.eclipse.tracecompass.totalads.libraries/META-INF/maven/de.flapdoodle.embed/de.flapdoodle.embed.mongo
2014-12-13 19:02:43,417 [Worker-20] INFO  o.e.m.i.launch.MavenLaunchDelegate -  mvn  -B install
2014-12-13 19:02:59,208 [Worker-20] INFO  o.e.m.i.launch.MavenLaunchDelegate - /home/shary/workspace/totalads/org.eclipse.tracecompass.totalads.libraries/META-INF/maven/de.flapdoodle.embed/de.flapdoodle.embed.mongo
2014-12-13 19:02:59,208 [Worker-20] INFO  o.e.m.i.launch.MavenLaunchDelegate -  mvn  -B install
2014-12-13 19:42:14,612 [Worker-24] INFO  o.e.m.i.launch.MavenLaunchDelegate - /home/shary/workspace/totalads/org.eclipse.tracecompass.totalads.core.tests
2014-12-13 19:42:14,660 [Worker-24] INFO  o.e.m.i.launch.MavenLaunchDelegate -  mvn  -B install
2014-12-13 19:51:32,830 [Worker-27] INFO  o.e.m.i.launch.MavenLaunchDelegate - /home/shary/workspace/totalads/org.eclipse.tracecompass.totalads.target
2014-12-13 19:51:32,831 [Worker-27] INFO  o.e.m.i.launch.MavenLaunchDelegate -  mvn  -B install
2014-12-13 19:51:47,352 [Worker-30] INFO  o.e.m.i.launch.MavenLaunchDelegate - /home/shary/workspace/totalads/org.eclipse.tracecompass.totalads.core.tests
2014-12-13 19:51:47,353 [Worker-30] INFO  o.e.m.i.launch.MavenLaunchDelegate -  mvn  -B install
2014-12-13 20:55:43,363 [Worker-36] INFO  o.e.m.i.launch.MavenLaunchDelegate - /home/shary/workspace/totalads/org.eclipse.tracecompass.totalads.core.tests
2014-12-13 20:55:43,400 [Worker-36] INFO  o.e.m.i.launch.MavenLaunchDelegate -  mvn  -B install
2014-12-13 21:24:37,058 [Worker-20] INFO  o.e.m.i.launch.MavenLaunchDelegate - /home/shary/workspace/totalads/org.eclipse.tracecompass.totalads.core.tests
2014-12-13 21:24:37,071 [Worker-20] INFO  o.e.m.i.launch.MavenLaunchDelegate -  mvn  -B install
2014-12-13 21:40:22,786 [Worker-37] INFO  o.e.m.i.launch.MavenLaunchDelegate - /home/shary/workspace/totalads/org.eclipse.tracecompass.totalads.core.tests
2014-12-13 21:40:22,800 [Worker-37] INFO  o.e.m.i.launch.MavenLaunchDelegate -  mvn  -B install
2014-12-16 15:38:23,701 [Worker-16] INFO  o.e.m.i.launch.MavenLaunchDelegate - /home/shary/workspace/totalads/org.eclipse.tracecompass.totalads.ui.swtbot.tests
2014-12-16 15:38:23,729 [Worker-16] INFO  o.e.m.i.launch.MavenLaunchDelegate -  mvn  -B install
2014-12-25 16:38:10,365 [Worker-33] INFO  o.e.m.i.launch.MavenLaunchDelegate - /home/shary/workspace/totalads/org.eclipse.tracecompass.totalads.core.tests
2014-12-25 16:38:10,922 [Worker-33] INFO  o.e.m.i.launch.MavenLaunchDelegate -  mvn  -B install
2014-12-25 19:33:10,144 [Worker-55] INFO  o.e.m.i.launch.MavenLaunchDelegate - /home/shary/workspace/totalads/org.eclipse.tracecompass.totalads.core.tests
2014-12-25 19:33:10,191 [Worker-55] INFO  o.e.m.i.launch.MavenLaunchDelegate -  mvn  -B install
2014-12-26 19:43:58,140 [main] WARN  o.e.r.c.r.p.ProcessableProposalFactory - Unknown JDT proposal type 'class org.eclipse.jdt.internal.ui.text.javadoc.JavadocInlineTagCompletionProposal' ('{@docRoot}'). Returning original proposal instead.
2014-12-26 19:43:58,221 [main] WARN  o.e.r.c.r.p.ProcessableProposalFactory - Unknown JDT proposal type 'class org.eclipse.jdt.internal.ui.text.javadoc.JavadocInlineTagCompletionProposal' ('{@linkplain}'). Returning original proposal instead.
2014-12-26 19:43:58,222 [main] WARN  o.e.r.c.r.p.ProcessableProposalFactory - Unknown JDT proposal type 'class org.eclipse.jdt.internal.ui.text.javadoc.JavadocInlineTagCompletionProposal' ('{@value}'). Returning original proposal instead.
2014-12-26 19:43:58,222 [main] WARN  o.e.r.c.r.p.ProcessableProposalFactory - Unknown JDT proposal type 'class org.eclipse.jdt.internal.ui.text.javadoc.JavadocInlineTagCompletionProposal' ('{@code}'). Returning original proposal instead.
2014-12-26 19:43:58,222 [main] WARN  o.e.r.c.r.p.ProcessableProposalFactory - Unknown JDT proposal type 'class org.eclipse.jdt.internal.ui.text.javadoc.JavadocInlineTagCompletionProposal' ('{@link}'). Returning original proposal instead.
2014-12-26 19:43:58,222 [main] WARN  o.e.r.c.r.p.ProcessableProposalFactory - Unknown JDT proposal type 'class org.eclipse.jdt.internal.ui.text.javadoc.JavadocInlineTagCompletionProposal' ('{@literal}'). Returning original proposal instead.
